<?xml version="1.0" encoding="UTF-8"?>
<!-- Generated by org.testng.reporters.JUnitReportReporter -->
<testsuite skipped="0" hostname="LAPTOP-P996N5GR" name="com.dvd.test_autom.APITests" tests="1" failures="0" timestamp="16 Apr 2021 09:32:10 GMT" time="3.933" errors="0">
  <testcase name="regisAPI" time="3.933" classname="com.dvd.test_autom.APITests"/>
</testsuite> <!-- com.dvd.test_autom.APITests -->
